Build started 2015-09-25 20:50:06.
     1>Project "C:\Users\thene_000\Documents\Visual Studio 2013\Projects\Scenography\Scenography\Scenography.vcxproj" on node 2 (Build target(s)).
     1>ClCompile:
         C:\Program Files (x86)\Microsoft Visual Studio 12.0\VC\bin\CL.exe /c /ZI /nologo /W3 /WX- /sdl /Od /Oy- /D _MBCS /Gm /EHsc /RTC1 /MDd /GS /fp:precise /Zc:wchar_t /Zc:forScope /Fo"Debug\\" /Fd"Debug\vc120.pdb" /Gd /TP /analyze- /errorReport:prompt main.cpp
         main.cpp
     1>c:\users\thene_000\documents\visual studio 2013\projects\scenography\scenography\main.cpp(37): warning C4244: 'initializing' : conversion from 'double' to 'GLfloat', possible loss of data
     1>c:\users\thene_000\documents\visual studio 2013\projects\scenography\scenography\main.cpp(38): warning C4244: 'initializing' : conversion from 'double' to 'GLfloat', possible loss of data
     1>c:\users\thene_000\documents\visual studio 2013\projects\scenography\scenography\main.cpp(111): warning C4244: 'initializing' : conversion from 'double' to 'GLfloat', possible loss of data
     1>c:\users\thene_000\documents\visual studio 2013\projects\scenography\scenography\main.cpp(120): warning C4244: 'argument' : conversion from 'double' to 'GLclampf', possible loss of data
     1>c:\users\thene_000\documents\visual studio 2013\projects\scenography\scenography\main.cpp(135): warning C4244: 'argument' : conversion from 'double' to 'GLfloat', possible loss of data
     1>c:\users\thene_000\documents\visual studio 2013\projects\scenography\scenography\main.cpp(136): warning C4244: 'argument' : conversion from 'double' to 'GLfloat', possible loss of data
     1>c:\users\thene_000\documents\visual studio 2013\projects\scenography\scenography\main.cpp(376): warning C4244: '=' : conversion from 'double' to 'GLfloat', possible loss of data
     1>c:\users\thene_000\documents\visual studio 2013\projects\scenography\scenography\main.cpp(377): warning C4244: '=' : conversion from 'double' to 'GLfloat', possible loss of data
     1>c:\users\thene_000\documents\visual studio 2013\projects\scenography\scenography\main.cpp(381): warning C4244: 'initializing' : conversion from 'double' to 'GLfloat', possible loss of data
     1>c:\users\thene_000\documents\visual studio 2013\projects\scenography\scenography\main.cpp(382): warning C4244: 'initializing' : conversion from 'double' to 'GLfloat', possible loss of data
     1>c:\users\thene_000\documents\visual studio 2013\projects\scenography\scenography\main.cpp(383): warning C4244: '=' : conversion from 'double' to 'GLfloat', possible loss of data
     1>c:\users\thene_000\documents\visual studio 2013\projects\scenography\scenography\main.cpp(384): warning C4244: '=' : conversion from 'double' to 'GLfloat', possible loss of data
     1>c:\users\thene_000\documents\visual studio 2013\projects\scenography\scenography\main.cpp(386): warning C4305: 'initializing' : truncation from 'double' to 'GLfloat'
       Link:
         C:\Program Files (x86)\Microsoft Visual Studio 12.0\VC\bin\link.exe /ERRORREPORT:PROMPT /OUT:"C:\Users\thene_000\Documents\Visual Studio 2013\Projects\Scenography\Debug\Scenography.exe" /INCREMENTAL /NOLOGO glfw3.lib opengl32.lib glew32s.lib SOIL.lib assimpd.lib kernel32.lib user32.lib gdi32.lib winspool.lib comdlg32.lib advapi32.lib shell32.lib ole32.lib oleaut32.lib uuid.lib odbc32.lib odbccp32.lib /MANIFEST /MANIFESTUAC:"level='asInvoker' uiAccess='false'" /manifest:embed /DEBUG /PDB:"C:\Users\thene_000\Documents\Visual Studio 2013\Projects\Scenography\Debug\Scenography.pdb" /TLBID:1 /DYNAMICBASE /NXCOMPAT /IMPLIB:"C:\Users\thene_000\Documents\Visual Studio 2013\Projects\Scenography\Debug\Scenography.lib" /MACHINE:X86 Debug\main.obj
         Scenography.vcxproj -> C:\Users\thene_000\Documents\Visual Studio 2013\Projects\Scenography\Debug\Scenography.exe
     1>Done Building Project "C:\Users\thene_000\Documents\Visual Studio 2013\Projects\Scenography\Scenography\Scenography.vcxproj" (Build target(s)).

Build succeeded.

Time Elapsed 00:00:01.74
